Cargando STEP...
Solidos: 1392
Solidos PTZ (z_centro > 40): 167
PTZ extension global mm: x[-51.2,37.7] y[-19.3,19.3] z[47.5,167.9]

    #       cx       cy       cz |      dx      dy      dz |   vol_cm3
    0     21.2     -0.0     47.5 |    45.2    24.8    14.1 |     11.13
    1     14.8     -0.0     51.7 |    28.8    21.1     7.2 |      1.24
    2     34.2      1.2     57.3 |    18.5    18.5    30.5 |      5.29
    3     25.7    -17.0     57.5 |     6.0     6.0    35.0 |      0.74
    4     -8.3    -17.0     57.5 |     6.0     6.0    35.0 |      0.74
    5     25.7     17.0     57.5 |     6.0     6.0    35.0 |      0.74
    6     -8.3     17.0     57.5 |     6.0     6.0    35.0 |      0.74
    7     21.2     -0.0     59.9 |    45.2    24.7    15.0 |     14.25
    8      8.7     -0.0     67.5 |    17.6    17.6    18.3 |      0.83
    9     21.2      0.0     71.3 |    45.1    24.7     9.8 |      8.53
   10     17.0    -10.3     74.1 |     3.6     3.6     6.2 |      0.02
   11     37.7    -10.3     75.1 |     3.6     3.6     6.2 |      0.02
   12      8.7     -0.0     76.0 |    19.2    19.2     4.5 |      0.76
   13     19.5     -0.0     76.0 |    63.5    42.0     2.0 |      3.14
   14     25.7    -17.0     76.5 |     6.0     6.0     7.1 |      0.10
   15     -8.3    -17.0     76.5 |     6.0     6.0     7.1 |      0.10
   16     25.7     17.0     76.6 |     6.0     6.0     7.1 |      0.10
   17     -8.3     17.0     76.6 |     6.0     6.0     7.1 |      0.10
   18      8.7     -0.0     78.8 |    42.0    42.0     3.5 |      2.77
   19      8.7     -0.0     80.5 |    25.0    25.0     2.0 |      0.89
   20      8.7     -0.0     81.0 |     6.0     6.0     7.1 |      0.10
   21      8.7     -0.0     82.0 |    43.0    43.0     3.4 |      0.08
   22     25.6     -0.0     82.5 |     5.6     5.6     5.6 |      0.09
   23     24.3     -6.4     82.5 |     5.6     5.6     5.6 |      0.09
   24     20.6    -11.9     82.5 |     5.6     5.6     5.6 |      0.09
   25     24.3      6.4     82.5 |     5.6     5.6     5.6 |      0.09
   26     15.2    -15.5     82.5 |     5.6     5.6     5.6 |      0.09
   27     20.6     11.9     82.5 |     5.6     5.6     5.6 |      0.09
   28      8.7    -16.8     82.5 |     5.6     5.6     5.6 |      0.09
   29     15.2     15.5     82.5 |     5.6     5.6     5.6 |      0.09
   30      8.7     -0.0     82.5 |    32.1    32.1     4.3 |      0.05
   31      2.3    -15.5     82.5 |     5.6     5.6     5.6 |      0.09
   32      8.7     16.8     82.5 |     5.6     5.6     5.6 |      0.09
   33     -3.2    -11.9     82.5 |     5.6     5.6     5.6 |      0.09
   34      2.3     15.5     82.5 |     5.6     5.6     5.6 |      0.09
   35     -6.8     -6.4     82.5 |     5.6     5.6     5.6 |      0.09
   36     -3.2     11.9     82.5 |     5.6     5.6     5.6 |      0.09
   37     -8.1     -0.0     82.5 |     5.6     5.6     5.6 |      0.09
   38     -6.8      6.4     82.5 |     5.6     5.6     5.6 |      0.09
   39     13.7      4.9     86.0 |     5.4     5.4    13.1 |      0.13
   40     13.7     -4.9     86.0 |     5.4     5.4    13.1 |      0.13
   41      3.8      4.9     86.0 |     5.4     5.4    13.1 |      0.13
   42      3.8     -4.9     86.0 |     5.4     5.4    13.1 |      0.13
   43      8.7     -0.0     86.2 |    42.0    42.0     3.5 |      2.77
   44     10.5     -0.0    114.8 |    39.4    39.4    53.6 |      4.91
   45    -43.3      7.1    119.1 |     0.5     1.0     0.5 |      0.00
   46    -43.3      2.6    119.8 |     0.5     1.0     0.5 |      0.00
   47    -43.2      7.1    120.1 |     0.3     1.0     0.5 |      0.00
   48    -43.3      0.4    120.2 |     0.5     1.0     0.5 |      0.00
   49    -41.6     12.0    120.3 |     0.2     1.2     2.6 |      0.00
   50    -43.2      4.3    120.3 |     0.3     0.5     1.0 |      0.00
   51    -41.3     -8.7    120.3 |     0.3     1.0     0.5 |      0.00
   52    -43.3      5.5    120.3 |     0.5     0.5     1.0 |      0.00
   53    -41.3     -4.3    120.5 |     0.3     0.5     1.0 |      0.00
   54    -41.1      0.7    120.5 |     0.5     0.5     1.0 |      0.00
   55    -41.1     -0.4    120.5 |     0.5     0.5     1.0 |      0.00
   56    -41.1     -2.1    120.5 |     0.5     0.5     1.0 |      0.00
   57    -41.1     -3.2    120.5 |     0.5     0.5     1.0 |      0.00
   58    -41.1     -5.4    120.5 |     0.5     0.5     1.0 |      0.00
   59    -20.3    -14.6    120.8 |     3.6     6.2     3.6 |      0.02
   60    -24.0     16.2    120.8 |     3.6     6.2     3.6 |      0.02
   61    -43.2      2.6    120.8 |     0.3     1.0     0.5 |      0.00
   62    -43.2      7.1    121.1 |     0.3     1.0     0.5 |      0.00
   63    -41.3    -10.4    121.2 |     0.3     0.5     1.0 |      0.00
   64    -43.6     10.4    121.3 |     1.3     3.8     4.8 |      0.02
   65    -41.1     -8.7    121.7 |     0.5     1.0     0.5 |      0.00
   66    -39.9      7.0    121.9 |     3.0     7.0     5.4 |      0.04
   67    -44.0     -5.2    121.9 |     1.9     6.0     5.0 |      0.03
   68    -41.1     -8.7    122.7 |     0.5     1.0     0.5 |      0.00
   69    -43.6      4.6    123.0 |     1.1     2.5     3.0 |      0.00
   70    -43.6      1.3    123.0 |     1.2     2.3     2.9 |      0.01
   71    -41.3     12.0    123.1 |     0.3     0.5     1.0 |      0.00
   72    -41.1      1.3    123.2 |     0.5     0.5     1.0 |      0.00
   73    -41.3      0.3    123.2 |     0.3     0.5     1.0 |      0.00
   74    -43.3      7.2    123.3 |     0.5     0.5     1.0 |      0.00
   75    -40.8      2.4    123.7 |     1.2     2.3     2.9 |      0.01
   76    -41.3     -8.7    123.8 |     0.3     1.0     0.5 |      0.00
   77      3.8     19.3    126.1 |     6.0     7.1     6.0 |      0.10
   78     13.7     19.3    126.1 |     6.0     7.1     6.0 |      0.10
   79      3.8    -19.3    126.1 |     6.0     7.1     6.0 |      0.10
   80     13.7    -19.3    126.1 |     6.0     7.1     6.0 |      0.10
   81    -41.1      1.2    126.2 |     0.5     1.0     0.5 |      0.00
   82    -41.3      5.1    126.6 |     0.3     1.0     0.5 |      0.00
   83    -41.3      6.8    127.1 |     0.3     0.5     1.0 |      0.00
   84    -41.3      3.4    127.1 |     0.3     0.5     1.0 |      0.00
   85    -36.8     11.0    127.4 |     4.2     3.9     3.9 |      0.02
   86    -39.4     11.0    127.4 |     4.0     3.0     3.5 |      0.02
   87    -42.1     11.0    127.4 |     4.2     3.9     3.9 |      0.02
   88    -39.4    -10.0    127.4 |     4.0     3.0     3.5 |      0.02
   89    -36.8     -9.5    127.4 |     4.2     3.9     3.9 |      0.02
   90    -42.1    -10.0    127.4 |     4.2     3.9     3.9 |      0.02
   91    -41.3      1.2    127.4 |     0.3     1.0     0.5 |      0.00
   92    -41.1      5.1    127.6 |     0.5     1.0     0.5 |      0.00
   93    -43.3      3.8    129.4 |     0.5     0.5     1.0 |      0.00
   94    -43.3      4.9    129.4 |     0.5     0.5     1.0 |      0.00
   95    -43.3      2.6    129.4 |     0.5     0.5     1.0 |      0.00
   96    -16.8      2.6    129.8 |    18.5    30.5    18.5 |      5.29
   97    -41.3      7.8    130.3 |     0.3     0.5     1.0 |      0.00
   98    -40.9      5.5    130.3 |     1.1     3.0     2.5 |      0.00
   99    -42.2      0.5    130.4 |     1.6    25.0    24.0 |      0.93
  100    -41.1     -7.5    130.4 |     0.5     0.5     1.0 |      0.00
  101    -23.1     10.7    130.5 |     3.6     3.6     6.2 |      0.02
  102     -3.7    -11.3    131.0 |    45.1     9.8    24.7 |      8.53
  103      8.7     17.4    131.0 |    19.2     3.4    19.2 |      0.57
  104     -3.8      0.1    131.0 |    45.2    15.0    24.7 |     14.25
  105      2.6      8.3    131.0 |    28.8     7.2    21.1 |      1.24
  106      8.7     -7.6    131.0 |    17.6    18.3    17.6 |      0.83
  107      8.7    -16.0    131.0 |    19.2     4.5    19.2 |      0.76
  108      8.7    -17.8    131.0 |     6.0     7.1     6.0 |      0.10
  109     -3.7     12.5    131.0 |    45.2    14.1    24.8 |     11.13
  110     -2.4     10.7    131.5 |     3.6     3.6     6.2 |      0.02
  111    -41.3     -4.7    131.6 |     0.3     1.0     0.5 |      0.00
  112    -43.3     -4.1    131.7 |     0.5     1.0     0.5 |      0.00
  113    -43.3      5.2    132.4 |     0.5     0.5     1.0 |      0.00
  114    -41.1      5.1    132.7 |     0.5     1.0     0.5 |      0.00
  115    -43.3     -4.1    132.9 |     0.5     1.0     0.5 |      0.00
  116    -41.1     -0.6    133.0 |     0.5     1.0     0.5 |      0.00
  117    -42.8      0.7    133.9 |     0.2     0.1     0.1 |      0.00
  118    -41.1      5.1    133.9 |     0.5     1.0     0.5 |      0.00
  119    -41.1      2.4    133.9 |     0.5     1.0     0.5 |      0.00
  120    -41.1     -0.6    134.0 |     0.5     1.0     0.5 |      0.00
  121    -43.3     -4.1    134.0 |     0.5     1.0     0.5 |      0.00
  122    -47.0      0.6    134.1 |     8.0    22.0    13.2 |      0.33
  123    -51.2      0.6    134.1 |    12.6    14.0    14.0 |      1.41
  124    -43.3      5.2    134.6 |     0.5     0.5     1.0 |      0.00
  125    -41.1      2.4    134.9 |     0.5     1.0     0.5 |      0.00
  126    -43.3     -4.1    135.8 |     0.5     1.0     0.5 |      0.00
  127    -41.3      5.0    135.9 |     0.3     1.0     0.5 |      0.00
  128     13.7     19.3    136.0 |     6.0     7.1     6.0 |      0.10
  129      3.8     19.3    136.0 |     6.0     7.1     6.0 |      0.10
  130     13.7    -19.3    136.0 |     6.0     7.1     6.0 |      0.10
  131      3.8    -19.3    136.0 |     6.0     7.1     6.0 |      0.10
  132    -41.3      8.2    137.1 |     0.3     1.0     0.5 |      0.00
  133    -41.1      5.0    137.2 |     0.5     1.0     0.5 |      0.00
  134    -41.3     -5.0    138.2 |     0.3     1.0     0.5 |      0.00
  135    -41.3      8.3    138.3 |     0.3     1.0     0.5 |      0.00
  136    -43.3     -1.8    138.7 |     0.5     0.5     1.0 |      0.00
  137    -43.2     -0.7    138.7 |     0.3     0.5     1.0 |      0.00
  138    -43.2      0.4    138.7 |     0.3     0.5     1.0 |      0.00
  139    -43.3      2.2    138.8 |     0.5     0.5     1.0 |      0.00
  140    -17.1      0.8    139.4 |    40.6    34.6    44.0 |      3.42
  141    -40.9      5.4    140.0 |     1.1     3.0     2.5 |      0.00
  142    -17.1      1.0    140.3 |    79.9    38.0    45.9 |      8.05
  143    -36.8     11.0    140.9 |     4.2     3.9     3.9 |      0.02
  144    -39.4     11.0    140.9 |     4.0     3.0     3.5 |      0.02
  145    -42.1     11.0    140.9 |     4.2     3.9     3.9 |      0.02
  146    -39.4    -10.0    140.9 |     4.0     3.0     3.5 |      0.02
  147    -36.8     -9.5    140.9 |     4.2     3.9     3.9 |      0.02
  148    -42.1    -10.0    140.9 |     4.2     3.9     3.9 |      0.02
  149    -41.6     -0.5    141.0 |     0.2     0.3     0.3 |      0.00
  150    -41.1      2.3    141.2 |     0.5     1.0     0.5 |      0.00
  151    -41.3     -5.0    141.2 |     0.3     1.0     0.5 |      0.00
  152      0.4     16.2    141.3 |     3.6     6.2     3.6 |      0.02
  153      0.4    -14.6    141.3 |     3.6     6.2     3.6 |      0.02
  154    -24.0     16.2    141.3 |     3.6     6.2     3.6 |      0.02
  155    -20.3    -14.6    141.3 |     3.6     6.2     3.6 |      0.02
  156     -6.6     16.0    148.2 |     4.0     8.0     4.0 |      0.04
  157    -26.6     16.0    148.2 |     4.0     8.0     4.0 |      0.04
  158     -6.6    -14.0    148.2 |     4.0     8.0     4.0 |      0.04
  159    -26.6    -14.0    148.2 |     4.0     8.0     4.0 |      0.04
  160    -45.5      0.8    152.1 |     3.9    11.9    11.9 |      0.25
  161    -30.8      0.8    152.1 |    27.7    18.0    18.0 |      2.86
  162    -43.7      0.8    152.1 |     0.1    11.0    11.0 |      0.01
  163      7.6      1.0    160.0 |     7.8     7.8     3.5 |      0.09
  164      7.8      1.0    164.0 |     7.5     7.5    10.0 |      0.17
  165    -32.4      1.0    164.0 |     7.5     7.5    10.0 |      0.17
  166    -12.4      1.0    167.9 |    57.2    21.1     9.3 |      7.42
OK
