Determining if the pthread_create exist failed with the following output:
Change Dir: /home/ricardo/Desktop/proyecto/cooperative_drones/trunks/install/autonomous_generic_drone/bin/commonsLibs/CMakeFiles/CMakeTmp

Run Build Command:/usr/bin/make "cmTryCompileExec3212266660/fast"
/usr/bin/make -f CMakeFiles/cmTryCompileExec3212266660.dir/build.make CMakeFiles/cmTryCompileExec3212266660.dir/build
make[1]: Entering directory `/home/ricardo/Desktop/proyecto/cooperative_drones/trunks/install/autonomous_generic_drone/bin/commonsLibs/CMakeFiles/CMakeTmp'
/usr/bin/cmake -E cmake_progress_report /home/ricardo/Desktop/proyecto/cooperative_drones/trunks/install/autonomous_generic_drone/bin/commonsLibs/CMakeFiles/CMakeTmp/CMakeFiles 1
Building C object CMakeFiles/cmTryCompileExec3212266660.dir/CheckSymbolExists.c.o
/usr/bin/cc    -o CMakeFiles/cmTryCompileExec3212266660.dir/CheckSymbolExists.c.o   -c /home/ricardo/Desktop/proyecto/cooperative_drones/trunks/install/autonomous_generic_drone/bin/commonsLibs/CMakeFiles/CMakeTmp/CheckSymbolExists.c
Linking C executable cmTryCompileExec3212266660
/usr/bin/cmake -E cmake_link_script CMakeFiles/cmTryCompileExec3212266660.dir/link.txt --verbose=1
/usr/bin/cc       CMakeFiles/cmTryCompileExec3212266660.dir/CheckSymbolExists.c.o  -o cmTryCompileExec3212266660 -rdynamic 
CMakeFiles/cmTryCompileExec3212266660.dir/CheckSymbolExists.c.o: In function `main':
CheckSymbolExists.c:(.text+0x16): undefined reference to `pthread_create'
collect2: error: ld returned 1 exit status
make[1]: *** [cmTryCompileExec3212266660] Error 1
make[1]: Leaving directory `/home/ricardo/Desktop/proyecto/cooperative_drones/trunks/install/autonomous_generic_drone/bin/commonsLibs/CMakeFiles/CMakeTmp'
make: *** [cmTryCompileExec3212266660/fast] Error 2

File /home/ricardo/Desktop/proyecto/cooperative_drones/trunks/install/autonomous_generic_drone/bin/commonsLibs/CMakeFiles/CMakeTmp/CheckSymbolExists.c:
/* */
#include <pthread.h>

int main(int argc, char** argv)
{
  (void)argv;
#ifndef pthread_create
  return ((int*)(&pthread_create))[argc];
#else
  (void)argc;
  return 0;
#endif
}

Determining if the function pthread_create exists in the pthreads failed with the following output:
Change Dir: /home/ricardo/Desktop/proyecto/cooperative_drones/trunks/install/autonomous_generic_drone/bin/commonsLibs/CMakeFiles/CMakeTmp

Run Build Command:/usr/bin/make "cmTryCompileExec471428301/fast"
/usr/bin/make -f CMakeFiles/cmTryCompileExec471428301.dir/build.make CMakeFiles/cmTryCompileExec471428301.dir/build
make[1]: Entering directory `/home/ricardo/Desktop/proyecto/cooperative_drones/trunks/install/autonomous_generic_drone/bin/commonsLibs/CMakeFiles/CMakeTmp'
/usr/bin/cmake -E cmake_progress_report /home/ricardo/Desktop/proyecto/cooperative_drones/trunks/install/autonomous_generic_drone/bin/commonsLibs/CMakeFiles/CMakeTmp/CMakeFiles 1
Building C object CMakeFiles/cmTryCompileExec471428301.dir/CheckFunctionExists.c.o
/usr/bin/cc   -DCHECK_FUNCTION_EXISTS=pthread_create   -o CMakeFiles/cmTryCompileExec471428301.dir/CheckFunctionExists.c.o   -c /usr/share/cmake-2.8/Modules/CheckFunctionExists.c
Linking C executable cmTryCompileExec471428301
/usr/bin/cmake -E cmake_link_script CMakeFiles/cmTryCompileExec471428301.dir/link.txt --verbose=1
/usr/bin/cc   -DCHECK_FUNCTION_EXISTS=pthread_create    CMakeFiles/cmTryCompileExec471428301.dir/CheckFunctionExists.c.o  -o cmTryCompileExec471428301 -rdynamic -lpthreads 
/usr/bin/ld: cannot find -lpthreads
collect2: error: ld returned 1 exit status
make[1]: *** [cmTryCompileExec471428301] Error 1
make[1]: Leaving directory `/home/ricardo/Desktop/proyecto/cooperative_drones/trunks/install/autonomous_generic_drone/bin/commonsLibs/CMakeFiles/CMakeTmp'
make: *** [cmTryCompileExec471428301/fast] Error 2


